root - INFO - ****** Test_001_Login ******
root - INFO - ****** Importing setup ******
root - INFO - ****** Verifying title ******
root - INFO - ****** Success ******
root - INFO - ****** Test_001_Login ******
root - INFO - ****** Importing setup ******
root - INFO - ****** Performing login ******
root - INFO - ****** Verifying title ******
root - INFO - ****** Success ******
08/07/2021 12:22:18 PM - root - INFO - ****** Test_001_Login ******
08/07/2021 12:22:18 PM - root - INFO - ****** Importing setup ******
08/07/2021 12:22:19 PM - root - INFO - ****** Verifying title ******
08/07/2021 12:22:19 PM - root - INFO - ****** Success ******
08/07/2021 12:22:21 PM - root - INFO - ****** Test_001_Login ******
08/07/2021 12:22:21 PM - root - INFO - ****** Importing setup ******
08/07/2021 12:22:22 PM - root - INFO - ****** Performing login ******
08/07/2021 12:22:22 PM - root - INFO - ****** Verifying title ******
08/07/2021 12:22:22 PM - root - INFO - ****** Success ******
08/07/2021 04:06:00 PM - root - INFO - ****** Test_001_Login ******
08/07/2021 04:06:01 PM - root - INFO - ****** Importing setup ******
08/07/2021 04:06:02 PM - root - INFO - ****** Verifying title ******
08/07/2021 04:06:02 PM - root - INFO - ****** Success ******
08/07/2021 04:06:03 PM - root - INFO - ****** Test_001_Login ******
08/07/2021 04:06:03 PM - root - INFO - ****** Importing setup ******
08/07/2021 04:06:05 PM - root - INFO - ****** Performing login ******
08/07/2021 04:06:05 PM - root - INFO - ****** Verifying title ******
08/07/2021 04:06:05 PM - root - INFO - ****** Success ******
08/07/2021 04:06:45 PM - root - INFO - ****** Test_001_Login ******
08/07/2021 04:06:45 PM - root - INFO - ****** Importing setup ******
08/07/2021 04:06:50 PM - root - INFO - ****** Verifying title ******
08/07/2021 04:06:50 PM - root - INFO - ****** Success ******
08/07/2021 04:07:01 PM - root - INFO - ****** Test_001_Login ******
08/07/2021 04:07:01 PM - root - INFO - ****** Importing setup ******
08/07/2021 04:07:02 PM - root - INFO - ****** Performing login ******
08/07/2021 04:07:02 PM - root - INFO - ****** Verifying title ******
08/07/2021 04:07:02 PM - root - INFO - ****** Success ******
08/07/2021 04:08:14 PM - root - INFO - ****** Test_001_Login ******
08/07/2021 04:08:14 PM - root - INFO - ****** Importing setup ******
08/07/2021 04:08:14 PM - root - INFO - ****** Verifying title ******
08/07/2021 04:08:14 PM - root - INFO - ****** Success ******
08/07/2021 04:11:19 PM - root - INFO - ****** Test_001_Login ******
08/07/2021 04:11:19 PM - root - INFO - ****** Importing setup ******
08/07/2021 04:11:21 PM - root - INFO - ****** Verifying title ******
08/07/2021 04:11:21 PM - root - INFO - ****** Success ******
08/07/2021 04:11:22 PM - root - INFO - ****** Test_001_Login ******
08/07/2021 04:11:22 PM - root - INFO - ****** Importing setup ******
08/07/2021 04:11:24 PM - root - INFO - ****** Performing login ******
08/07/2021 04:11:24 PM - root - INFO - ****** Verifying title ******
08/07/2021 04:11:24 PM - root - INFO - ****** Success ******
08/07/2021 04:17:28 PM - root - INFO - ****** Test_001_Login ******
08/07/2021 04:17:28 PM - root - INFO - ****** Importing setup ******
08/07/2021 04:17:28 PM - root - INFO - ****** Importing setup ******
08/07/2021 04:17:31 PM - root - INFO - ****** Verifying title ******
08/07/2021 04:17:31 PM - root - INFO - ****** Success ******
08/07/2021 04:17:31 PM - root - INFO - ****** Performing login ******
08/07/2021 04:17:31 PM - root - INFO - ****** Verifying title ******
08/07/2021 04:17:31 PM - root - INFO - ****** Success ******
08/07/2021 04:19:56 PM - root - INFO - ****** Test_001_Login ******
08/07/2021 04:19:56 PM - root - INFO - ****** Importing setup ******
08/07/2021 04:19:56 PM - root - INFO - ****** Test_001_Login ******
08/07/2021 04:19:56 PM - root - INFO - ****** Importing setup ******
08/07/2021 04:19:58 PM - root - INFO - ****** Verifying title ******
08/07/2021 04:19:58 PM - root - INFO - ****** Success ******
08/07/2021 04:19:59 PM - root - INFO - ****** Performing login ******
08/07/2021 04:19:59 PM - root - INFO - ****** Verifying title ******
08/07/2021 04:19:59 PM - root - INFO - ****** Success ******
08/07/2021 04:29:44 PM - root - INFO - ****** Test_001_Login ******
08/07/2021 04:29:44 PM - root - INFO - ****** Importing setup ******
08/07/2021 04:29:45 PM - root - INFO - ****** Test_001_Login ******
08/07/2021 04:29:45 PM - root - INFO - ****** Importing setup ******
08/07/2021 04:29:48 PM - root - INFO - ****** Verifying title ******
08/07/2021 04:29:48 PM - root - INFO - ****** Success ******
08/07/2021 04:29:48 PM - root - INFO - ****** Performing login ******
08/07/2021 04:29:48 PM - root - INFO - ****** Verifying title ******
08/07/2021 04:29:48 PM - root - INFO - ****** Success ******
08/07/2021 04:33:36 PM - root - INFO - ****** Test_001_Login ******
08/07/2021 04:33:36 PM - root - INFO - ****** Importing setup ******
08/07/2021 04:33:38 PM - root - INFO - ****** Verifying title ******
08/07/2021 04:33:38 PM - root - INFO - ****** Success ******
08/07/2021 04:33:39 PM - root - INFO - ****** Test_001_Login ******
08/07/2021 04:33:39 PM - root - INFO - ****** Importing setup ******
08/07/2021 04:33:41 PM - root - INFO - ****** Performing login ******
08/07/2021 04:33:41 PM - root - INFO - ****** Verifying title ******
08/07/2021 04:33:41 PM - root - INFO - ****** Success ******
